Conflict [P_3_1, P_2_1, P_1_1, P_0_1]
Conflict [P_3_1, P_2_1, P_1_1, P_0_1]
Conflict [P_3_1, P_2_1, P_1_1, P_0_1]
Conflict [P_3_1, P_2_1, P_1_1, P_0_1]
Conflict [P_3_1, P_2_1, P_1_1, P_0_1]
Found counterexample {M_0_1: 0, P_0_1: 2} while having 8 variables fixed
Propagate Not(And(0 == M_0_1, 2 == P_0_1))
Conflict [P_3_1, P_2_1, P_1_1, P_0_1, M_2_1, M_3_1, M_0_1]
Conflict [P_3_1, P_2_1, P_1_1, P_0_1, M_2_1, M_3_1, M_0_1]
Conflict [P_3_1, P_2_1, P_1_1, P_0_1, M_2_1, M_3_1, M_0_1]
Conflict [P_3_1, P_2_1, P_1_1, P_0_1, M_2_1, M_3_1, M_0_1]
Conflict [P_3_1, P_2_1, P_1_1, P_0_1, M_2_1, M_3_1, M_0_1]
Conflict [P_3_1, P_2_1, P_1_1, P_0_1, M_2_1, M_3_1, M_0_1]
Conflict [P_3_1, P_2_1, P_1_1, P_0_1, M_2_1, M_0_1]
Conflict [P_3_1, P_2_1, P_1_1, P_0_1, M_2_1, M_0_1]
Conflict [P_3_1, P_2_1, P_1_1, P_0_1, M_2_1, M_0_1]
Conflict [P_3_1, P_2_1, P_1_1, P_0_1, M_0_1]
Conflict [P_3_1, P_2_1, P_1_1, P_0_1, M_0_1]
Conflict [P_3_1, P_2_1, P_1_1, P_0_1, M_0_1]
Conflict [P_3_1, P_2_1, P_1_1, P_0_1]
Conflict [P_3_1, P_2_1, P_1_1, P_0_1]
Conflict [P_3_1, P_2_1, P_0_1, P_1_1]
Conflict [P_3_1, P_2_1, P_0_1, P_1_1]
Conflict [P_3_1, P_2_1, P_0_1, P_1_1]
Conflict [P_3_1, P_2_1, P_0_1, P_1_1]
Conflict [P_3_1, P_2_1, P_0_1, P_1_1, M_0_1]
Conflict [P_3_1, P_2_1, P_0_1, P_1_1, M_0_1]
Conflict [P_3_1, P_2_1, P_0_1, P_1_1, M_0_1]
Conflict [P_3_1, P_2_1, P_0_1, P_1_1, M_0_1]
Conflict [P_3_1, P_2_1, P_0_1, P_1_1]
Conflict [P_3_1, P_2_1, P_0_1, P_1_1]
Conflict [P_3_1, P_2_1, P_0_1, P_1_1]
Conflict [P_3_1, P_2_1, P_0_1, P_1_1]
Conflict [P_3_1, P_2_1, P_0_1, P_1_1]
Conflict [P_3_1, P_2_1, P_0_1, P_1_1, M_0_1]
Conflict [P_3_1, P_2_1, P_0_1, P_1_1, M_0_1]
Conflict [P_3_1, P_2_1, P_0_1, P_1_1, M_0_1, M_2_1, M_3_1]
Found counterexample {M_0_1: 1, M_1_1: 0, P_0_1: 0} while having 8 variables fixed
Propagate Not(And(1 == M_0_1, 0 == M_1_1, 0 == P_0_1))
Found counterexample {M_1_1: 2, P_1_1: 2, M_2_1: 1, P_2_1: 1, M_0_1: 1, P_0_1: 0} while having 8 variables fixed
Propagate Not(And(2 == M_1_1,
        2 == P_1_1,
        1 == M_2_1,
        1 == P_2_1,
        1 == M_0_1,
        0 == P_0_1))
Found counterexample {M_1_1: 1, P_1_1: 2, M_0_1: 1, P_0_1: 0} while having 8 variables fixed
Propagate Not(And(1 == M_1_1, 2 == P_1_1, 1 == M_0_1, 0 == P_0_1))
72 MC calls, ruled out 4752/65536 models
Found counterexample {M_1_1: 3, P_1_1: 2, M_3_1: 1, P_3_1: 0, M_0_1: 1, P_0_1: 0} while having 8 variables fixed
Propagate Not(And(3 == M_1_1,
        2 == P_1_1,
        1 == M_3_1,
        0 == P_3_1,
        1 == M_0_1,
        0 == P_0_1))
Found counterexample {M_2_1: 3, P_2_1: 1, M_3_1: 0, P_3_1: 0, M_0_1: 1, P_0_1: 0} while having 8 variables fixed
Propagate Not(And(3 == M_2_1,
        1 == P_2_1,
        0 == M_3_1,
        0 == P_3_1,
        1 == M_0_1,
        0 == P_0_1))
Conflict [P_2_1, P_0_1, P_3_1, P_1_1, M_0_1, M_2_1, M_3_1]
Conflict [P_2_1, P_0_1, P_3_1, P_1_1, M_0_1, M_2_1, M_3_1]
Conflict [P_2_1, P_0_1, P_3_1, P_1_1, M_0_1, M_2_1, M_3_1]
103 MC calls, ruled out 4768/65536 models
Conflict [P_2_1, P_0_1, P_3_1, P_1_1, M_0_1, M_2_1]
Conflict [P_2_1, P_0_1, P_3_1, P_1_1, M_0_1, M_2_1, M_3_1]
Found counterexample {M_0_1: 1, P_0_1: 0} while having 8 variables fixed
Propagate Not(And(1 == M_0_1, 0 == P_0_1))
Conflict [P_2_1, P_0_1, P_1_1, P_3_1, M_0_1, M_2_1, M_3_1]
Conflict [P_2_1, P_0_1, P_1_1, P_3_1, M_0_1, M_2_1, M_3_1]
Found counterexample {M_2_1: 0, P_2_1: 1, M_0_1: 3, P_0_1: 0} while having 8 variables fixed
Propagate Not(And(0 == M_2_1, 1 == P_2_1, 3 == M_0_1, 0 == P_0_1))
Conflict [P_2_1, P_0_1, P_1_1, P_3_1, M_0_1, M_2_1]
Conflict [P_2_1, P_0_1, P_1_1, P_3_1, M_0_1, M_2_1, M_3_1]
Conflict [P_2_1, P_0_1, P_1_1, P_3_1, M_0_1, M_2_1, M_3_1]
Conflict [P_2_1, P_0_1, P_1_1, P_3_1, M_0_1, M_2_1, M_3_1]
Conflict [P_2_1, P_0_1, P_1_1, P_3_1, M_0_1, M_2_1, M_3_1]
Conflict [P_2_1, P_0_1, P_1_1, P_3_1, M_0_1, M_2_1, M_3_1]
Conflict [P_2_1, P_0_1, P_1_1, P_3_1, M_0_1, M_2_1, M_3_1]
Conflict [P_2_1, P_0_1, P_1_1, P_3_1, M_0_1, M_2_1, M_3_1]
Conflict [P_2_1, P_0_1, P_1_1, P_3_1, M_0_1, M_2_1, M_3_1]
Conflict [P_2_1, P_0_1, P_1_1, P_3_1, M_0_1]
Conflict [P_2_1, P_0_1, P_1_1, P_3_1, M_0_1]
Conflict [P_2_1, P_0_1, P_1_1, P_3_1, M_0_1, M_2_1]
Conflict [P_2_1, P_0_1, P_1_1, P_3_1, M_0_1, M_2_1]
Conflict [P_2_1, P_0_1, P_1_1, P_3_1, M_0_1, M_2_1]
Conflict [P_2_1, P_0_1, P_1_1, P_3_1]
Conflict [P_2_1, P_0_1, P_1_1, P_3_1, M_0_1]
Conflict [P_2_1, P_0_1, P_1_1, P_3_1, M_0_1]
Conflict [P_2_1, P_0_1, P_1_1, P_3_1, M_0_1, M_2_1, M_3_1]
Conflict [P_2_1, P_0_1, P_1_1, P_3_1, M_0_1, M_2_1, M_3_1]
Conflict [P_2_1, P_0_1, P_1_1, P_3_1, M_0_1, M_2_1, M_3_1]
Conflict [P_2_1, P_0_1, P_1_1, P_3_1, M_0_1, M_2_1, M_3_1]
Conflict [P_2_1, P_0_1, P_1_1, P_3_1, M_0_1, M_2_1, M_3_1]
Conflict [P_2_1, P_0_1, P_1_1, P_3_1, M_0_1, M_2_1, M_3_1]
Conflict [P_2_1, P_0_1, P_1_1, P_3_1, M_0_1, M_2_1, M_3_1]
Conflict [P_2_1, P_0_1, P_1_1, P_3_1, M_0_1, M_2_1, M_3_1]
Conflict [P_2_1, P_0_1, P_1_1, P_3_1, M_0_1, M_2_1, M_3_1]
Conflict [P_2_1, P_0_1, P_1_1, P_3_1, M_0_1, M_2_1, M_3_1]
Conflict [P_2_1, P_0_1, P_1_1, P_3_1, M_0_1, M_2_1, M_3_1]
Conflict [P_2_1, P_0_1, P_1_1, P_3_1, M_0_1, M_2_1, M_3_1]
Conflict [P_2_1, P_0_1, P_3_1, P_1_1, M_0_1]
Conflict [P_2_1, P_0_1, P_3_1, P_1_1, M_0_1]
Conflict [P_2_1, P_0_1, P_3_1, P_1_1, M_0_1, M_2_1, M_3_1]
Conflict [P_2_1, P_0_1, P_3_1, P_1_1, M_0_1, M_2_1, M_3_1]
Found counterexample {M_0_1: 3, M_3_1: 1, P_0_1: 0} while having 8 variables fixed
Propagate Not(And(3 == M_0_1, 1 == M_3_1, 0 == P_0_1))
Conflict [P_2_1, P_0_1, P_1_1, P_3_1, M_0_1, M_2_1, M_3_1]
Conflict [P_2_1, P_0_1, P_1_1, P_3_1, M_0_1, M_2_1, M_3_1]
Conflict [P_2_1, P_0_1, P_1_1, P_3_1, M_0_1, M_2_1, M_3_1]
Conflict [P_2_1, P_0_1, P_1_1, P_3_1, M_0_1, M_2_1, M_3_1]
Conflict [P_2_1, P_0_1, P_1_1, P_3_1, M_0_1, M_2_1]
Conflict [P_2_1, P_0_1, P_1_1, P_3_1]
Conflict [P_2_1, P_0_1, P_1_1, P_3_1, M_0_1]
Conflict [P_2_1, P_0_1, P_1_1, P_3_1, M_0_1]
Conflict [P_2_1, P_0_1, P_1_1, P_3_1, M_0_1]
Conflict [P_2_1, P_0_1, P_3_1, P_1_1]
Conflict [P_2_1, P_0_1, P_3_1, P_1_1, M_0_1]
Conflict [P_2_1, P_0_1, P_3_1, P_1_1, M_0_1]
Conflict [P_2_1, P_0_1, P_3_1, P_1_1, M_0_1]
Conflict [P_2_1, P_0_1, P_3_1, P_1_1, M_0_1]
Conflict [P_2_1, P_0_1, P_3_1, P_1_1, M_0_1]
Conflict [P_2_1, P_0_1, P_3_1, P_1_1, M_0_1, M_2_1, M_3_1]
Conflict [P_2_1, P_0_1, P_3_1, P_1_1, M_0_1, M_2_1, M_3_1]
Conflict [P_2_1, P_0_1, P_3_1, P_1_1, M_0_1, M_2_1, M_3_1]
Conflict [P_2_1, P_0_1, P_3_1, P_1_1, M_0_1, M_2_1, M_3_1]
Conflict [P_2_1, P_0_1, P_3_1, P_1_1, M_0_1, M_2_1, M_3_1]
Conflict [P_2_1, P_0_1, P_3_1, P_1_1, M_0_1, M_2_1, M_3_1]
Conflict [P_2_1, P_0_1, P_3_1, P_1_1, M_0_1, M_2_1, M_3_1]
Conflict [P_2_1, P_0_1, P_3_1, P_1_1, M_0_1, M_2_1, M_3_1]
Conflict [P_2_1, P_0_1, P_3_1, P_1_1, M_0_1, M_2_1, M_3_1]
Conflict [P_2_1, P_0_1, P_3_1, P_1_1]
Conflict [P_2_1, P_0_1, P_3_1, P_1_1]
Conflict [P_2_1, P_0_1, P_3_1, P_1_1]
Conflict [P_2_1, P_0_1, P_3_1, P_1_1]
Conflict [P_2_1, P_0_1, P_1_1, P_3_1, M_0_1]
228 MC calls, ruled out 7772/65536 models
Conflict [P_2_1, P_0_1, P_1_1, P_3_1, M_0_1]
Conflict [P_2_1, P_0_1, P_1_1, P_3_1, M_0_1]
Conflict [P_2_1, P_0_1, P_1_1, P_3_1, M_0_1]
Conflict [P_2_1, P_0_1, P_1_1, P_3_1, M_0_1]
Conflict [P_2_1, P_0_1, P_1_1, P_3_1, M_0_1]
Conflict [P_2_1, P_0_1, P_1_1, P_3_1, M_0_1]
Conflict [P_2_1, P_0_1, P_1_1, P_3_1, M_0_1]
Conflict [P_2_1, P_0_1, P_1_1, P_3_1, M_0_1]
Conflict [P_2_1, P_0_1, P_1_1, P_3_1, M_0_1]
Conflict [P_2_1, P_0_1, P_1_1, P_3_1, M_0_1]
Conflict [P_2_1, P_0_1, P_1_1, P_3_1, M_0_1]
Conflict [P_2_1, P_0_1, P_3_1, P_1_1, M_0_1]
Conflict [P_2_1, P_0_1, P_3_1, P_1_1, M_0_1]
Conflict [P_2_1, P_0_1, P_3_1, P_1_1, M_0_1]
Conflict [P_2_1, P_0_1, P_3_1, P_1_1, M_0_1]
Conflict [P_2_1, P_0_1, P_3_1, P_1_1, M_0_1]
Conflict [P_2_1, P_0_1, P_3_1, P_1_1, M_0_1]
Conflict [P_2_1, P_0_1, P_3_1, P_1_1, M_0_1]
Conflict [P_2_1, P_0_1, P_3_1, P_1_1, M_0_1]
Conflict [P_2_1, P_0_1, P_3_1, P_1_1, M_0_1]
Conflict [P_2_1, P_0_1, P_3_1, P_1_1, M_0_1]
Conflict [P_2_1, P_0_1, P_3_1, P_1_1, M_0_1]
Conflict [P_2_1, P_0_1, P_3_1, P_1_1, M_0_1]
Conflict [P_2_1, P_0_1, P_1_1, P_3_1, M_0_1]
Conflict [P_2_1, P_0_1, P_1_1, P_3_1, M_0_1]
Conflict [P_2_1, P_0_1, P_1_1, P_3_1, M_0_1]
Conflict [P_2_1, P_0_1, P_1_1, P_3_1, M_0_1]
Conflict [P_2_1, P_0_1, P_1_1, P_3_1, M_0_1]
Conflict [P_2_1, P_0_1, P_1_1, P_3_1, M_0_1]
Conflict [P_2_1, P_0_1, P_1_1, P_3_1, M_0_1]
Conflict [P_2_1, P_0_1, P_1_1, P_3_1, M_0_1]
Conflict [P_2_1, P_0_1, P_1_1, P_3_1, M_0_1]
Conflict [P_2_1, P_0_1, P_1_1, P_3_1, M_0_1]
Conflict [P_2_1, P_0_1, P_1_1, P_3_1, M_0_1]
Conflict [P_2_1, P_0_1, P_1_1, P_3_1, M_0_1]
Conflict [P_2_1, P_0_1, P_1_1, P_3_1, M_0_1]
Conflict [P_2_1, P_0_1, P_1_1, P_3_1, M_0_1]
Conflict [P_2_1, P_0_1, P_1_1, P_3_1, M_0_1]
Conflict [P_2_1, P_0_1, P_1_1, P_3_1, M_0_1]
Conflict [P_2_1, P_0_1, P_1_1, P_3_1, M_0_1]
Conflict [P_2_1, P_0_1, P_1_1, P_3_1, M_0_1]
Conflict [P_2_1, P_0_1, P_1_1, P_3_1, M_0_1]
Conflict [P_2_1, P_0_1, P_1_1, P_3_1, M_0_1]
Conflict [P_2_1, P_0_1, P_1_1, P_3_1, M_0_1]
Conflict [P_2_1, P_0_1, P_1_1, P_3_1, M_0_1]
Conflict [P_2_1, P_0_1, P_1_1, P_3_1, M_0_1]
Conflict [P_2_1, P_0_1, P_1_1, P_3_1, M_0_1]
Conflict [P_2_1, P_0_1, P_3_1, P_1_1]
Conflict [P_2_1, P_0_1, P_3_1, P_1_1, M_0_1]
Conflict [P_2_1, P_0_1, P_3_1, P_1_1, M_0_1]
Conflict [P_2_1, P_0_1, P_3_1, P_1_1, M_0_1, M_2_1]
Conflict [P_2_1, P_0_1, P_3_1, P_1_1, M_0_1, M_2_1]
Conflict [P_2_1, P_0_1, P_3_1, P_1_1, M_0_1, M_2_1]
Conflict [P_2_1, P_0_1, P_3_1, P_1_1, M_0_1, M_2_1]
Conflict [P_2_1, P_0_1, P_3_1, P_1_1, M_0_1]
Conflict [P_2_1, P_0_1, P_3_1, P_1_1, M_0_1]
Conflict [P_2_1, P_0_1, P_3_1, P_1_1, M_0_1]
Conflict [P_2_1, P_0_1, P_3_1, P_1_1, M_0_1, M_2_1]
Conflict [P_2_1, P_0_1, P_3_1, P_1_1, M_0_1, M_2_1]
Conflict [P_2_1, P_0_1, P_3_1, P_1_1, M_0_1, M_2_1]
Conflict [P_2_1, P_0_1, P_3_1, P_1_1, M_0_1, M_2_1]
Conflict [P_2_1, P_0_1, P_3_1, P_1_1, M_0_1]
Conflict [P_2_1, P_0_1, P_3_1, P_1_1, M_0_1]
Conflict [P_2_1, P_0_1, P_3_1, P_1_1, M_0_1, M_2_1]
Conflict [P_2_1, P_0_1, P_3_1, P_1_1, M_0_1, M_2_1]
Conflict [P_2_1, P_0_1, P_3_1, P_1_1, M_0_1, M_2_1]
Conflict [P_2_1, P_0_1, P_3_1, P_1_1, M_0_1, M_2_1]
Conflict [P_2_1, P_0_1, P_3_1, P_1_1, M_0_1]
Conflict [P_2_1, P_0_1, P_3_1, P_1_1, M_0_1]
Conflict [P_2_1, P_0_1, P_1_1, P_3_1]
Conflict [P_2_1, P_0_1, P_1_1, P_3_1]
Conflict [P_2_1, P_0_1, P_1_1, P_3_1, M_0_1]
Conflict [P_2_1, P_0_1, P_1_1, P_3_1, M_0_1, M_2_1]
Conflict [P_2_1, P_0_1, P_1_1, P_3_1, M_0_1, M_2_1]
Conflict [P_2_1, P_0_1, P_1_1, P_3_1, M_0_1, M_2_1]
Conflict [P_2_1, P_0_1, P_1_1, P_3_1, M_0_1, M_2_1, M_3_1]
Conflict [P_2_1, P_0_1, P_1_1, P_3_1, M_0_1, M_2_1, M_3_1]
Found satisfying DTMC with value 0.926767891907462
sat
M_0_1=2, M_1_1=0, M_2_1=3, M_3_1=1, P_0_1=2, P_1_1=3, P_2_1=2, P_3_1=2
Considered 341 models
